-------------------
CSE247 Robot tester starts testing spath on 2018-12-15 12:17:30 -0600

========
Testing in ./GradingRepos/repos/cse247-f18-students-bozhaoli: spath as of 2018-12-08 06:00
========
Now in: /Users/puneetsachdeva/CSE247/cse247-support/GradingRepos/repos/cse247-f18-students-bozhaoli
Your branch is up to date with 'origin/master'.
HEAD is now at 738381b robograde
No local changes to save

Updating 738381b..1109a51
Fast-forward
 RoboGrade/spath-testing.TestShortestPathSilent.txt | 119 +++++++++++++++++++++
 1 file changed, 119 insertions(+)
 create mode 100644 RoboGrade/spath-testing.TestShortestPathSilent.txt
Going back in time to: 2018-12-08 06:00
At hash bd7f69c6ddb0401c05831f5cd7f4172daad03d31

Buildfile: /Users/puneetsachdeva/CSE247/cse247-support/build.xml

copytest:
     [echo] would copy from /Users/puneetsachdeva/CSE247/cse247-f18-students key bozhaoli testfilesource testing/TestShortestPathSilent package spath repo ./GradingRepos/repos/cse247-f18-students-bozhaoli
Compiling the code
Buildfile: /Users/puneetsachdeva/CSE247/cse247-support/build.xml

compile:
     [echo] Compiling spath/ShortestPaths
    [mkdir] Created dir: /Users/puneetsachdeva/CSE247/cse247-support/GradingRepos/repos/cse247-f18-students-bozhaoli/bin
    [javac] Compiling 1 source file to /Users/puneetsachdeva/CSE247/cse247-support/GradingRepos/repos/cse247-f18-students-bozhaoli/bin

BUILD SUCCESSFUL
Total time: 1 second
Buildfile: /Users/puneetsachdeva/CSE247/cse247-support/build.xml

compile:
     [echo] Compiling spath/testing/TestShortestPathSilent
    [javac] Compiling 1 source file to /Users/puneetsachdeva/CSE247/cse247-support/GradingRepos/repos/cse247-f18-students-bozhaoli/bin

BUILD SUCCESSFUL
Total time: 0 seconds
Running test testing.TestShortestPathSilent
Buildfile: /Users/puneetsachdeva/CSE247/cse247-support/build.xml

test:
    [junit] Running spath.testing.TestShortestPathSilent
    [junit] Testsuite: spath.testing.TestShortestPathSilent
    [junit] Tests run: 1, Failures: 0, Errors: 1, Skipped: 0, Time elapsed: 0.027 sec
    [junit] Tests run: 1, Failures: 0, Errors: 1, Skipped: 0, Time elapsed: 0.027 sec
    [junit] 
    [junit] Testcase: test took 0.005 sec
    [junit] 	Caused an ERROR
    [junit] Index: 0, Size: 0
    [junit] java.lang.IndexOutOfBoundsException: Index: 0, Size: 0
    [junit] 	at java.base/java.util.LinkedList.checkElementIndex(LinkedList.java:559)
    [junit] 	at java.base/java.util.LinkedList.get(LinkedList.java:480)
    [junit] 	at spath.testing.TestShortestPathSilent.genGraphAndTest(TestShortestPathSilent.java:52)
    [junit] 	at spath.testing.TestShortestPathSilent.test(TestShortestPathSilent.java:28)
    [junit] 	at java.base/jdk.internal.reflect.NativeMethodAccessorImpl.invoke0(Native Method)
    [junit] 	at java.base/jdk.internal.reflect.NativeMethodAccessorImpl.invoke(NativeMethodAccessorImpl.java:62)
    [junit] 	at java.base/jdk.internal.reflect.DelegatingMethodAccessorImpl.invoke(DelegatingMethodAccessorImpl.java:43)
    [junit] 

BUILD FAILED
/Users/puneetsachdeva/CSE247/cse247-support/build.xml:34: Test spath.testing.TestShortestPathSilent failed

Total time: 0 seconds
========
Testing in ./GradingRepos/repos/cse247-f18-students-bozhaoli: spath as of 2018-12-15 06:00
========
Now in: /Users/puneetsachdeva/CSE247/cse247-support/GradingRepos/repos/cse247-f18-students-bozhaoli
Your branch is up to date with 'origin/master'.
HEAD is now at 1109a51 robograde
No local changes to save

Already up to date.
Going back in time to: 2018-12-15 06:00
At hash 1109a51e4ea43a7430181f28ece4fe25015e55fb

Buildfile: /Users/puneetsachdeva/CSE247/cse247-support/build.xml

copytest:
     [echo] would copy from /Users/puneetsachdeva/CSE247/cse247-f18-students key bozhaoli testfilesource testing/TestShortestPathSilent package spath repo ./GradingRepos/repos/cse247-f18-students-bozhaoli
Compiling the code
Buildfile: /Users/puneetsachdeva/CSE247/cse247-support/build.xml

compile:
     [echo] Compiling spath/ShortestPaths
    [mkdir] Created dir: /Users/puneetsachdeva/CSE247/cse247-support/GradingRepos/repos/cse247-f18-students-bozhaoli/bin
    [javac] Compiling 1 source file to /Users/puneetsachdeva/CSE247/cse247-support/GradingRepos/repos/cse247-f18-students-bozhaoli/bin

BUILD SUCCESSFUL
Total time: 1 second
Buildfile: /Users/puneetsachdeva/CSE247/cse247-support/build.xml

compile:
     [echo] Compiling spath/testing/TestShortestPathSilent
    [javac] Compiling 1 source file to /Users/puneetsachdeva/CSE247/cse247-support/GradingRepos/repos/cse247-f18-students-bozhaoli/bin

BUILD SUCCESSFUL
Total time: 1 second
Running test testing.TestShortestPathSilent
Buildfile: /Users/puneetsachdeva/CSE247/cse247-support/build.xml

test:
    [junit] Running spath.testing.TestShortestPathSilent
    [junit] Testsuite: spath.testing.TestShortestPathSilent
    [junit] Tests run: 1, Failures: 0, Errors: 0, Skipped: 0, Time elapsed: 3.547 sec
    [junit] Tests run: 1, Failures: 0, Errors: 0, Skipped: 0, Time elapsed: 3.547 sec
    [junit] 
    [junit] Testcase: test took 3.526 sec

BUILD SUCCESSFUL
Total time: 4 seconds
================
Lab is counted as working
================

CSE247 Robot tester ends testing spath on 2018-12-15 12:17:48 -0600
-------------------
